<?xml version="1.0" encoding="UTF-8"?>
<!-- Generated by org.testng.reporters.JUnitXMLReporter -->
<testsuite ignored="0" hostname="Hameed" failures="1" tests="12" name="Test" time="281.336" errors="0" timestamp="2024-06-07T17:37:55 IST">
  <testcase classname="test_execution_package.TestExecution" name="ValidateCreateNewAccountFunction" time="21.359"/>
  <testcase classname="test_execution_package.TestExecution" name="ValidateCreateNewAccountFunction" time="12.316"/>
  <testcase classname="test_execution_package.TestExecution" name="ValidateCreateNewAccountFunction" time="15.647"/>
  <testcase classname="test_execution_package.TestExecution" name="ValidateSignInFunction" time="21.928"/>
  <testcase classname="test_execution_package.TestExecution" name="ValidateSignInFunction" time="11.557"/>
  <testcase classname="test_execution_package.TestExecution" name="ValidateSignInFunction" time="17.654"/>
  <testcase classname="test_execution_package.TestExecution" name="ValidateSignInFunction" time="21.346"/>
  <testcase classname="test_execution_package.TestExecution" name="ValidateAllMenuAndFooterLinks" time="81.3">
    <failure type="org.openqa.selenium.ElementClickInterceptedException" message="Element &amp;lt;a class=&amp;quot;body-copy-sm mr-200&amp;quot; href=&amp;quot;/site/privacy-policy/state-privacy-rights/pcmcat204400050063.c?id=pcmcat204400050063&amp;quot;&amp;gt; is not clickable at point (451,723) because another element &amp;lt;div id=&amp;quot;survey_window&amp;quot; class=&amp;quot;modal fade modal-open in&amp;quot;&amp;gt; obscures it
Build info: version: &amp;apos;4.19.0&amp;apos;, revision: &amp;apos;5f9cec8963&amp;apos;
System info: os.name: &amp;apos;Windows 11&amp;apos;, os.arch: &amp;apos;amd64&amp;apos;, os.version: &amp;apos;10.0&amp;apos;, java.version: &amp;apos;17.0.10&amp;apos;
Driver info: org.openqa.selenium.firefox.FirefoxDriver
Command: [0d444696-4071-41a3-9c80-0bfa1a18f715, clickElement {id=982120bb-d148-4a81-bd58-03b2aa1997f5}]
Capabilities {acceptInsecureCerts: true, browserName: firefox, browserVersion: 126.0.1, moz:accessibilityChecks: false, moz:buildID: 20240526221752, moz:debuggerAddress: 127.0.0.1:32881, moz:geckodriverVersion: 0.34.0, moz:headless: false, moz:platformVersion: 10.0, moz:processID: 30792, moz:profile: C:\Users\91936\AppData\Loca..., moz:shutdownTimeout: 60000, moz:webdriverClick: true, moz:windowless: false, pageLoadStrategy: normal, platformName: windows, proxy: Proxy(), se:cdp: ws://127.0.0.1:32881/devtoo..., se:cdpVersion: 85.0, setWindowRect: true, strictFileInteractability: false, timeouts: {implicit: 0, pageLoad: 300000, script: 30000}, unhandledPromptBehavior: dismiss and notify, userAgent: Mozilla/5.0 (Windows NT 10....}
Element: [[FirefoxDriver: firefox on windows (0d444696-4071-41a3-9c80-0bfa1a18f715)] -&amp;gt; xpath: //div[contains(@class,&amp;apos;justify-content-start&amp;apos;)]/a]
Session ID: 0d444696-4071-41a3-9c80-0bfa1a18f715">
      <![CDATA[org.openqa.selenium.ElementClickInterceptedException: Element <a class="body-copy-sm mr-200" href="/site/privacy-policy/state-privacy-rights/pcmcat204400050063.c?id=pcmcat204400050063"> is not clickable at point (451,723) because another element <div id="survey_window" class="modal fade modal-open in"> obscures it
Build info: version: '4.19.0', revision: '5f9cec8963'
System info: os.name: 'Windows 11', os.arch: 'amd64', os.version: '10.0', java.version: '17.0.10'
Driver info: org.openqa.selenium.firefox.FirefoxDriver
Command: [0d444696-4071-41a3-9c80-0bfa1a18f715, clickElement {id=982120bb-d148-4a81-bd58-03b2aa1997f5}]
Capabilities {acceptInsecureCerts: true, browserName: firefox, browserVersion: 126.0.1, moz:accessibilityChecks: false, moz:buildID: 20240526221752, moz:debuggerAddress: 127.0.0.1:32881, moz:geckodriverVersion: 0.34.0, moz:headless: false, moz:platformVersion: 10.0, moz:processID: 30792, moz:profile: C:\Users\91936\AppData\Loca..., moz:shutdownTimeout: 60000, moz:webdriverClick: true, moz:windowless: false, pageLoadStrategy: normal, platformName: windows, proxy: Proxy(), se:cdp: ws://127.0.0.1:32881/devtoo..., se:cdpVersion: 85.0, setWindowRect: true, strictFileInteractability: false, timeouts: {implicit: 0, pageLoad: 300000, script: 30000}, unhandledPromptBehavior: dismiss and notify, userAgent: Mozilla/5.0 (Windows NT 10....}
Element: [[FirefoxDriver: firefox on windows (0d444696-4071-41a3-9c80-0bfa1a18f715)] -> xpath: //div[contains(@class,'justify-content-start')]/a]
Session ID: 0d444696-4071-41a3-9c80-0bfa1a18f715
at org.openqa.selenium.remote.ErrorCodec.decode(ErrorCodec.java:167)
at org.openqa.selenium.remote.codec.w3c.W3CHttpResponseCodec.decode(W3CHttpResponseCodec.java:138)
at org.openqa.selenium.remote.codec.w3c.W3CHttpResponseCodec.decode(W3CHttpResponseCodec.java:50)
at org.openqa.selenium.remote.HttpCommandExecutor.execute(HttpCommandExecutor.java:190)
at org.openqa.selenium.remote.service.DriverCommandExecutor.invokeExecute(DriverCommandExecutor.java:216)
at org.openqa.selenium.remote.service.DriverCommandExecutor.execute(DriverCommandExecutor.java:174)
at org.openqa.selenium.remote.RemoteWebDriver.execute(RemoteWebDriver.java:518)
at org.openqa.selenium.remote.RemoteWebElement.execute(RemoteWebElement.java:223)
at org.openqa.selenium.remote.RemoteWebElement.click(RemoteWebElement.java:76)
at best_buy_website.USHomepage.getFooterlinks(USHomepage.java:74)
at test_execution_package.TestExecution.ValidateAllMenuAndFooterLinks(TestExecution.java:103)
at java.base/java.util.ArrayList.forEach(ArrayList.java:1511)
... Removed 32 stack frames]]>
    </failure>
  </testcase> <!-- ValidateAllMenuAndFooterLinks -->
  <testcase classname="test_execution_package.TestExecution" name="ValidateSearchAndAddItemToCart" time="0.0">
    <skipped/>
  </testcase> <!-- ValidateSearchAndAddItemToCart -->
  <testcase classname="test_execution_package.TestExecution" name="validateAddingItemfromMenu" time="0.0">
    <skipped/>
  </testcase> <!-- validateAddingItemfromMenu -->
  <testcase classname="test_execution_package.TestExecution" name="validateAddingItemfromMenuViaBrand" time="0.0">
    <skipped/>
  </testcase> <!-- validateAddingItemfromMenuViaBrand -->
  <testcase classname="test_execution_package.TestExecution" name="validateAddingMultipleItemsTocartAndCheckout" time="0.0">
    <skipped/>
  </testcase> <!-- validateAddingMultipleItemsTocartAndCheckout -->
</testsuite> <!-- Test -->
