<?xml version="1.0" encoding="UTF-8"?>
<!-- Generated by org.testng.reporters.JUnitXMLReporter -->
<testsuite ignored="0" hostname="Hameed" failures="1" tests="12" name="Test" time="585.567" errors="0" timestamp="2024-06-07T17:26:06 IST">
  <testcase classname="test_execution_package.TestExecution" name="ValidateCreateNewAccountFunction" time="23.595"/>
  <testcase classname="test_execution_package.TestExecution" name="ValidateCreateNewAccountFunction" time="19.0"/>
  <testcase classname="test_execution_package.TestExecution" name="ValidateCreateNewAccountFunction" time="17.964"/>
  <testcase classname="test_execution_package.TestExecution" name="ValidateSignInFunction" time="19.062"/>
  <testcase classname="test_execution_package.TestExecution" name="ValidateSignInFunction" time="18.522"/>
  <testcase classname="test_execution_package.TestExecution" name="ValidateSignInFunction" time="17.699"/>
  <testcase classname="test_execution_package.TestExecution" name="ValidateSignInFunction" time="22.982"/>
  <testcase classname="test_execution_package.TestExecution" name="ValidateAllMenuAndFooterLinks" time="117.198"/>
  <testcase classname="test_execution_package.TestExecution" name="ValidateSearchAndAddItemToCart" time="64.095"/>
  <testcase classname="test_execution_package.TestExecution" name="validateAddingItemfromMenu" time="51.746"/>
  <testcase classname="test_execution_package.TestExecution" name="validateAddingItemfromMenuViaBrand" time="64.382">
    <failure type="org.openqa.selenium.ElementClickInterceptedException" message="element click intercepted: Element &amp;lt;a href=&amp;quot;/site/samsung-galaxy/unlocked-samsung-galaxy/pcmcat1496179166581.c?id=pcmcat1496179166581&amp;quot; data-track=&amp;quot;[context:widgetType=flex,linkContent=Unlocked Samsung phones,linkRegion=Body,linkPlacement=c1w3]&amp;quot; class=&amp;quot;flex-image-inner-wrapper flex-fluid-image&amp;quot; aria-hidden=&amp;quot;true&amp;quot; tabindex=&amp;quot;-1&amp;quot; style=&amp;quot;background-image: url(&amp;amp;quot;https://pisces.bbystatic.com/image2/BestBuy_US/images/products/6570/6570299_sd.jpg;maxHeight=334;maxWidth=334&amp;amp;quot;);&amp;quot;&amp;gt;...&amp;lt;/a&amp;gt; is not clickable at point (633, 567). Other element would receive the click: &amp;lt;div id=&amp;quot;survey_window&amp;quot; class=&amp;quot;modal fade modal-open in&amp;quot; role=&amp;quot;dialog&amp;quot; style=&amp;quot;margin-top: 214px; display: block;&amp;quot;&amp;gt;...&amp;lt;/div&amp;gt;
  (Session info: chrome=125.0.6422.142)
Build info: version: &amp;apos;4.19.0&amp;apos;, revision: &amp;apos;5f9cec8963&amp;apos;
System info: os.name: &amp;apos;Windows 11&amp;apos;, os.arch: &amp;apos;amd64&amp;apos;, os.version: &amp;apos;10.0&amp;apos;, java.version: &amp;apos;17.0.10&amp;apos;
Driver info: org.openqa.selenium.chrome.ChromeDriver
Command: [a1668e8184ff8641359c849de650aa09, clickElement {id=f.02FB281F286689C70D3F32083610B253.d.2389BAED2EE4CABCF849B1C4B17698FC.e.308}]
Capabilities {acceptInsecureCerts: false, browserName: chrome, browserVersion: 125.0.6422.142, chrome: {chromedriverVersion: 125.0.6422.141 (4b1e8393712..., userDataDir: C:\Users\91936\AppData\Loca...}, fedcm:accounts: true, goog:chromeOptions: {debuggerAddress: localhost:65331}, networkConnectionEnabled: false, pageLoadStrategy: normal, platformName: windows, proxy: Proxy(), se:cdp: ws://localhost:65331/devtoo..., se:cdpVersion: 125.0.6422.142, setWindowRect: true, strictFileInteractability: false, timeouts: {implicit: 0, pageLoad: 300000, script: 30000}, unhandledPromptBehavior: dismiss and notify, webauthn:extension:credBlob: true, webauthn:extension:largeBlob: true, webauthn:extension:minPinLength: true, webauthn:extension:prf: true, webauthn:virtualAuthenticators: true}
Element: [[ChromeDriver: chrome on windows (a1668e8184ff8641359c849de650aa09)] -&amp;gt; css selector: div.flex-grid a]
Session ID: a1668e8184ff8641359c849de650aa09">
      <![CDATA[org.openqa.selenium.ElementClickInterceptedException: element click intercepted: Element <a href="/site/samsung-galaxy/unlocked-samsung-galaxy/pcmcat1496179166581.c?id=pcmcat1496179166581" data-track="[context:widgetType=flex,linkContent=Unlocked Samsung phones,linkRegion=Body,linkPlacement=c1w3]" class="flex-image-inner-wrapper flex-fluid-image" aria-hidden="true" tabindex="-1" style="background-image: url(&quot;https://pisces.bbystatic.com/image2/BestBuy_US/images/products/6570/6570299_sd.jpg;maxHeight=334;maxWidth=334&quot;);">...</a> is not clickable at point (633, 567). Other element would receive the click: <div id="survey_window" class="modal fade modal-open in" role="dialog" style="margin-top: 214px; display: block;">...</div>
  (Session info: chrome=125.0.6422.142)
Build info: version: '4.19.0', revision: '5f9cec8963'
System info: os.name: 'Windows 11', os.arch: 'amd64', os.version: '10.0', java.version: '17.0.10'
Driver info: org.openqa.selenium.chrome.ChromeDriver
Command: [a1668e8184ff8641359c849de650aa09, clickElement {id=f.02FB281F286689C70D3F32083610B253.d.2389BAED2EE4CABCF849B1C4B17698FC.e.308}]
Capabilities {acceptInsecureCerts: false, browserName: chrome, browserVersion: 125.0.6422.142, chrome: {chromedriverVersion: 125.0.6422.141 (4b1e8393712..., userDataDir: C:\Users\91936\AppData\Loca...}, fedcm:accounts: true, goog:chromeOptions: {debuggerAddress: localhost:65331}, networkConnectionEnabled: false, pageLoadStrategy: normal, platformName: windows, proxy: Proxy(), se:cdp: ws://localhost:65331/devtoo..., se:cdpVersion: 125.0.6422.142, setWindowRect: true, strictFileInteractability: false, timeouts: {implicit: 0, pageLoad: 300000, script: 30000}, unhandledPromptBehavior: dismiss and notify, webauthn:extension:credBlob: true, webauthn:extension:largeBlob: true, webauthn:extension:minPinLength: true, webauthn:extension:prf: true, webauthn:virtualAuthenticators: true}
Element: [[ChromeDriver: chrome on windows (a1668e8184ff8641359c849de650aa09)] -> css selector: div.flex-grid a]
Session ID: a1668e8184ff8641359c849de650aa09
at org.openqa.selenium.remote.ErrorCodec.decode(ErrorCodec.java:167)
at org.openqa.selenium.remote.codec.w3c.W3CHttpResponseCodec.decode(W3CHttpResponseCodec.java:138)
at org.openqa.selenium.remote.codec.w3c.W3CHttpResponseCodec.decode(W3CHttpResponseCodec.java:50)
at org.openqa.selenium.remote.HttpCommandExecutor.execute(HttpCommandExecutor.java:190)
at org.openqa.selenium.remote.service.DriverCommandExecutor.invokeExecute(DriverCommandExecutor.java:216)
at org.openqa.selenium.remote.service.DriverCommandExecutor.execute(DriverCommandExecutor.java:174)
at org.openqa.selenium.remote.RemoteWebDriver.execute(RemoteWebDriver.java:518)
at org.openqa.selenium.remote.RemoteWebElement.execute(RemoteWebElement.java:223)
at org.openqa.selenium.remote.RemoteWebElement.click(RemoteWebElement.java:76)
at best_buy_website.SmartPhoneModelPage.getSelectPhone(SmartPhoneModelPage.java:23)
at test_execution_package.TestExecution.validateAddingItemfromMenuViaBrand(TestExecution.java:168)
at java.base/java.util.ArrayList.forEach(ArrayList.java:1511)
... Removed 36 stack frames]]>
    </failure>
  </testcase> <!-- validateAddingItemfromMenuViaBrand -->
  <testcase classname="test_execution_package.TestExecution" name="validateAddingMultipleItemsTocartAndCheckout" time="84.763"/>
</testsuite> <!-- Test -->
