<?xml version="1.0" encoding="UTF-8"?>
<!-- Generated by org.testng.reporters.JUnitReportReporter -->
<testsuite hostname="Hameed" failures="0" tests="12" name="test_execution_package.TestExecution" time="279.095" errors="1" timestamp="2024-06-07T17:37:55 IST" skipped="4">
  <testcase classname="test_execution_package.TestExecution" name="ValidateSignInFunction" time="37.888"/>
  <system-out/>
  <testcase classname="test_execution_package.TestExecution" name="ValidateCreateNewAccountFunction" time="30.563"/>
  <system-out/>
  <testcase classname="test_execution_package.TestExecution" name="ValidateSignInFunction" time="19.278"/>
  <system-out/>
  <testcase classname="test_execution_package.TestExecution" name="validateAddingMultipleItemsTocartAndCheckout" time="8.545">
    <skipped/>
  </testcase> <!-- validateAddingMultipleItemsTocartAndCheckout -->
  <system-out/>
  <testcase classname="test_execution_package.TestExecution" name="ValidateAllMenuAndFooterLinks" time="89.831">
    <error message="Element &lt;a class=&quot;body-copy-sm mr-200&quot; href=&quot;/site/privacy-policy/state-privacy-rights/pcmcat204400050063.c?id=pcmcat204400050063&quot;&gt; is not clickable at point (451,723) because another element &lt;div id=&quot;survey_window&quot; class=&quot;modal fade modal-open in&quot;&gt; obscures it
Build info: version: &#039;4.19.0&#039;, revision: &#039;5f9cec8963&#039;
System info: os.name: &#039;Windows 11&#039;, os.arch: &#039;amd64&#039;, os.version: &#039;10.0&#039;, java.version: &#039;17.0.10&#039;
Driver info: org.openqa.selenium.firefox.FirefoxDriver
Command: [0d444696-4071-41a3-9c80-0bfa1a18f715, clickElement {id=982120bb-d148-4a81-bd58-03b2aa1997f5}]
Capabilities {acceptInsecureCerts: true, browserName: firefox, browserVersion: 126.0.1, moz:accessibilityChecks: false, moz:buildID: 20240526221752, moz:debuggerAddress: 127.0.0.1:32881, moz:geckodriverVersion: 0.34.0, moz:headless: false, moz:platformVersion: 10.0, moz:processID: 30792, moz:profile: C:\Users\91936\AppData\Loca..., moz:shutdownTimeout: 60000, moz:webdriverClick: true, moz:windowless: false, pageLoadStrategy: normal, platformName: windows, proxy: Proxy(), se:cdp: ws://127.0.0.1:32881/devtoo..., se:cdpVersion: 85.0, setWindowRect: true, strictFileInteractability: false, timeouts: {implicit: 0, pageLoad: 300000, script: 30000}, unhandledPromptBehavior: dismiss and notify, userAgent: Mozilla/5.0 (Windows NT 10....}
Element: [[FirefoxDriver: firefox on windows (0d444696-4071-41a3-9c80-0bfa1a18f715)] -&gt; xpath: //div[contains(@class,&#039;justify-content-start&#039;)]/a]
Session ID: 0d444696-4071-41a3-9c80-0bfa1a18f715" type="org.openqa.selenium.ElementClickInterceptedException">
      <![CDATA[org.openqa.selenium.ElementClickInterceptedException: Element <a class="body-copy-sm mr-200" href="/site/privacy-policy/state-privacy-rights/pcmcat204400050063.c?id=pcmcat204400050063"> is not clickable at point (451,723) because another element <div id="survey_window" class="modal fade modal-open in"> obscures it
Build info: version: '4.19.0', revision: '5f9cec8963'
System info: os.name: 'Windows 11', os.arch: 'amd64', os.version: '10.0', java.version: '17.0.10'
Driver info: org.openqa.selenium.firefox.FirefoxDriver
Command: [0d444696-4071-41a3-9c80-0bfa1a18f715, clickElement {id=982120bb-d148-4a81-bd58-03b2aa1997f5}]
Capabilities {acceptInsecureCerts: true, browserName: firefox, browserVersion: 126.0.1, moz:accessibilityChecks: false, moz:buildID: 20240526221752, moz:debuggerAddress: 127.0.0.1:32881, moz:geckodriverVersion: 0.34.0, moz:headless: false, moz:platformVersion: 10.0, moz:processID: 30792, moz:profile: C:\Users\91936\AppData\Loca..., moz:shutdownTimeout: 60000, moz:webdriverClick: true, moz:windowless: false, pageLoadStrategy: normal, platformName: windows, proxy: Proxy(), se:cdp: ws://127.0.0.1:32881/devtoo..., se:cdpVersion: 85.0, setWindowRect: true, strictFileInteractability: false, timeouts: {implicit: 0, pageLoad: 300000, script: 30000}, unhandledPromptBehavior: dismiss and notify, userAgent: Mozilla/5.0 (Windows NT 10....}
Element: [[FirefoxDriver: firefox on windows (0d444696-4071-41a3-9c80-0bfa1a18f715)] -> xpath: //div[contains(@class,'justify-content-start')]/a]
Session ID: 0d444696-4071-41a3-9c80-0bfa1a18f715
at java.base/jdk.internal.reflect.NativeConstructorAccessorImpl.newInstance0(Native Method)
at java.base/jdk.internal.reflect.NativeConstructorAccessorImpl.newInstance(NativeConstructorAccessorImpl.java:77)
at java.base/jdk.internal.reflect.DelegatingConstructorAccessorImpl.newInstance(DelegatingConstructorAccessorImpl.java:45)
at java.base/java.lang.reflect.Constructor.newInstanceWithCaller(Constructor.java:499)
at java.base/java.lang.reflect.Constructor.newInstance(Constructor.java:480)
at org.openqa.selenium.remote.ErrorCodec.decode(ErrorCodec.java:167)
at org.openqa.selenium.remote.codec.w3c.W3CHttpResponseCodec.decode(W3CHttpResponseCodec.java:138)
at org.openqa.selenium.remote.codec.w3c.W3CHttpResponseCodec.decode(W3CHttpResponseCodec.java:50)
at org.openqa.selenium.remote.HttpCommandExecutor.execute(HttpCommandExecutor.java:190)
at org.openqa.selenium.remote.service.DriverCommandExecutor.invokeExecute(DriverCommandExecutor.java:216)
at org.openqa.selenium.remote.service.DriverCommandExecutor.execute(DriverCommandExecutor.java:174)
at org.openqa.selenium.remote.RemoteWebDriver.execute(RemoteWebDriver.java:518)
at org.openqa.selenium.remote.RemoteWebElement.execute(RemoteWebElement.java:223)
at org.openqa.selenium.remote.RemoteWebElement.click(RemoteWebElement.java:76)
at best_buy_website.USHomepage.getFooterlinks(USHomepage.java:74)
at test_execution_package.TestExecution.ValidateAllMenuAndFooterLinks(TestExecution.java:103)
at java.base/jdk.internal.reflect.NativeMethodAccessorImpl.invoke0(Native Method)
at java.base/jdk.internal.reflect.NativeMethodAccessorImpl.invoke(NativeMethodAccessorImpl.java:77)
at java.base/jdk.internal.reflect.DelegatingMethodAccessorImpl.invoke(DelegatingMethodAccessorImpl.java:43)
at java.base/java.lang.reflect.Method.invoke(Method.java:568)
at org.testng.internal.invokers.MethodInvocationHelper.invokeMethod(MethodInvocationHelper.java:139)
at org.testng.internal.invokers.TestInvoker.invokeMethod(TestInvoker.java:677)
at org.testng.internal.invokers.TestInvoker.invokeTestMethod(TestInvoker.java:221)
at org.testng.internal.invokers.MethodRunner.runInSequence(MethodRunner.java:50)
at org.testng.internal.invokers.TestInvoker$MethodInvocationAgent.invoke(TestInvoker.java:969)
at org.testng.internal.invokers.TestInvoker.invokeTestMethods(TestInvoker.java:194)
at org.testng.internal.invokers.TestMethodWorker.invokeTestMethods(TestMethodWorker.java:148)
at org.testng.internal.invokers.TestMethodWorker.run(TestMethodWorker.java:128)
at java.base/java.util.ArrayList.forEach(ArrayList.java:1511)
at org.testng.TestRunner.privateRun(TestRunner.java:829)
at org.testng.TestRunner.run(TestRunner.java:602)
at org.testng.SuiteRunner.runTest(SuiteRunner.java:437)
at org.testng.SuiteRunner.runSequentially(SuiteRunner.java:431)
at org.testng.SuiteRunner.privateRun(SuiteRunner.java:391)
at org.testng.SuiteRunner.run(SuiteRunner.java:330)
at org.testng.SuiteRunnerWorker.runSuite(SuiteRunnerWorker.java:52)
at org.testng.SuiteRunnerWorker.run(SuiteRunnerWorker.java:95)
at org.testng.TestNG.runSuitesSequentially(TestNG.java:1256)
at org.testng.TestNG.runSuitesLocally(TestNG.java:1176)
at org.testng.TestNG.runSuites(TestNG.java:1099)
at org.testng.TestNG.run(TestNG.java:1067)
at org.testng.remote.AbstractRemoteTestNG.run(AbstractRemoteTestNG.java:115)
at org.testng.remote.RemoteTestNG.initAndRun(RemoteTestNG.java:293)
at org.testng.remote.RemoteTestNG.main(RemoteTestNG.java:91)
]]>
    </error>
  </testcase> <!-- ValidateAllMenuAndFooterLinks -->
  <system-out/>
  <testcase classname="test_execution_package.TestExecution" name="ValidateSignInFunction" time="27.374"/>
  <system-out/>
  <testcase classname="test_execution_package.TestExecution" name="ValidateSignInFunction" time="30.309"/>
  <system-out/>
  <testcase classname="test_execution_package.TestExecution" name="ValidateCreateNewAccountFunction" time="19.660"/>
  <system-out/>
  <testcase classname="test_execution_package.TestExecution" name="validateAddingItemfromMenu" time="0.000">
    <skipped/>
  </testcase> <!-- validateAddingItemfromMenu -->
  <system-out/>
  <testcase classname="test_execution_package.TestExecution" name="validateAddingItemfromMenuViaBrand" time="0.000">
    <skipped/>
  </testcase> <!-- validateAddingItemfromMenuViaBrand -->
  <system-out/>
  <testcase classname="test_execution_package.TestExecution" name="ValidateCreateNewAccountFunction" time="15.647"/>
  <system-out/>
  <testcase classname="test_execution_package.TestExecution" name="ValidateSearchAndAddItemToCart" time="0.000">
    <skipped/>
  </testcase> <!-- ValidateSearchAndAddItemToCart -->
  <system-out/>
</testsuite> <!-- test_execution_package.TestExecution -->
