<?xml version="1.0" encoding="UTF-8"?>
<!-- Generated by org.testng.reporters.JUnitReportReporter -->
<testsuite hostname="Hameed" failures="0" tests="12" name="test_execution_package.TestExecution" time="583.301" errors="1" timestamp="2024-06-07T17:26:07 IST" skipped="0">
  <testcase classname="test_execution_package.TestExecution" name="ValidateSignInFunction" time="22.756"/>
  <system-out/>
  <testcase classname="test_execution_package.TestExecution" name="validateAddingMultipleItemsTocartAndCheckout" time="87.956"/>
  <system-out/>
  <testcase classname="test_execution_package.TestExecution" name="ValidateSignInFunction" time="26.160"/>
  <system-out/>
  <testcase classname="test_execution_package.TestExecution" name="ValidateAllMenuAndFooterLinks" time="121.402"/>
  <system-out/>
  <testcase classname="test_execution_package.TestExecution" name="ValidateCreateNewAccountFunction" time="22.312"/>
  <system-out/>
  <testcase classname="test_execution_package.TestExecution" name="validateAddingItemfromMenu" time="56.624"/>
  <system-out/>
  <testcase classname="test_execution_package.TestExecution" name="ValidateSearchAndAddItemToCart" time="68.829"/>
  <system-out/>
  <testcase classname="test_execution_package.TestExecution" name="ValidateCreateNewAccountFunction" time="21.170"/>
  <system-out/>
  <testcase classname="test_execution_package.TestExecution" name="ValidateSignInFunction" time="21.581"/>
  <system-out/>
  <testcase classname="test_execution_package.TestExecution" name="ValidateSignInFunction" time="40.940"/>
  <system-out/>
  <testcase classname="test_execution_package.TestExecution" name="validateAddingItemfromMenuViaBrand" time="67.474">
    <error message="element click intercepted: Element &lt;a href=&quot;/site/samsung-galaxy/unlocked-samsung-galaxy/pcmcat1496179166581.c?id=pcmcat1496179166581&quot; data-track=&quot;[context:widgetType=flex,linkContent=Unlocked Samsung phones,linkRegion=Body,linkPlacement=c1w3]&quot; class=&quot;flex-image-inner-wrapper flex-fluid-image&quot; aria-hidden=&quot;true&quot; tabindex=&quot;-1&quot; style=&quot;background-image: url(&amp;quot;https://pisces.bbystatic.com/image2/BestBuy_US/images/products/6570/6570299_sd.jpg;maxHeight=334;maxWidth=334&amp;quot;);&quot;&gt;...&lt;/a&gt; is not clickable at point (633, 567). Other element would receive the click: &lt;div id=&quot;survey_window&quot; class=&quot;modal fade modal-open in&quot; role=&quot;dialog&quot; style=&quot;margin-top: 214px; display: block;&quot;&gt;...&lt;/div&gt;
  (Session info: chrome=125.0.6422.142)
Build info: version: &#039;4.19.0&#039;, revision: &#039;5f9cec8963&#039;
System info: os.name: &#039;Windows 11&#039;, os.arch: &#039;amd64&#039;, os.version: &#039;10.0&#039;, java.version: &#039;17.0.10&#039;
Driver info: org.openqa.selenium.chrome.ChromeDriver
Command: [a1668e8184ff8641359c849de650aa09, clickElement {id=f.02FB281F286689C70D3F32083610B253.d.2389BAED2EE4CABCF849B1C4B17698FC.e.308}]
Capabilities {acceptInsecureCerts: false, browserName: chrome, browserVersion: 125.0.6422.142, chrome: {chromedriverVersion: 125.0.6422.141 (4b1e8393712..., userDataDir: C:\Users\91936\AppData\Loca...}, fedcm:accounts: true, goog:chromeOptions: {debuggerAddress: localhost:65331}, networkConnectionEnabled: false, pageLoadStrategy: normal, platformName: windows, proxy: Proxy(), se:cdp: ws://localhost:65331/devtoo..., se:cdpVersion: 125.0.6422.142, setWindowRect: true, strictFileInteractability: false, timeouts: {implicit: 0, pageLoad: 300000, script: 30000}, unhandledPromptBehavior: dismiss and notify, webauthn:extension:credBlob: true, webauthn:extension:largeBlob: true, webauthn:extension:minPinLength: true, webauthn:extension:prf: true, webauthn:virtualAuthenticators: true}
Element: [[ChromeDriver: chrome on windows (a1668e8184ff8641359c849de650aa09)] -&gt; css selector: div.flex-grid a]
Session ID: a1668e8184ff8641359c849de650aa09" type="org.openqa.selenium.ElementClickInterceptedException">
      <![CDATA[org.openqa.selenium.ElementClickInterceptedException: element click intercepted: Element <a href="/site/samsung-galaxy/unlocked-samsung-galaxy/pcmcat1496179166581.c?id=pcmcat1496179166581" data-track="[context:widgetType=flex,linkContent=Unlocked Samsung phones,linkRegion=Body,linkPlacement=c1w3]" class="flex-image-inner-wrapper flex-fluid-image" aria-hidden="true" tabindex="-1" style="background-image: url(&quot;https://pisces.bbystatic.com/image2/BestBuy_US/images/products/6570/6570299_sd.jpg;maxHeight=334;maxWidth=334&quot;);">...</a> is not clickable at point (633, 567). Other element would receive the click: <div id="survey_window" class="modal fade modal-open in" role="dialog" style="margin-top: 214px; display: block;">...</div>
  (Session info: chrome=125.0.6422.142)
Build info: version: '4.19.0', revision: '5f9cec8963'
System info: os.name: 'Windows 11', os.arch: 'amd64', os.version: '10.0', java.version: '17.0.10'
Driver info: org.openqa.selenium.chrome.ChromeDriver
Command: [a1668e8184ff8641359c849de650aa09, clickElement {id=f.02FB281F286689C70D3F32083610B253.d.2389BAED2EE4CABCF849B1C4B17698FC.e.308}]
Capabilities {acceptInsecureCerts: false, browserName: chrome, browserVersion: 125.0.6422.142, chrome: {chromedriverVersion: 125.0.6422.141 (4b1e8393712..., userDataDir: C:\Users\91936\AppData\Loca...}, fedcm:accounts: true, goog:chromeOptions: {debuggerAddress: localhost:65331}, networkConnectionEnabled: false, pageLoadStrategy: normal, platformName: windows, proxy: Proxy(), se:cdp: ws://localhost:65331/devtoo..., se:cdpVersion: 125.0.6422.142, setWindowRect: true, strictFileInteractability: false, timeouts: {implicit: 0, pageLoad: 300000, script: 30000}, unhandledPromptBehavior: dismiss and notify, webauthn:extension:credBlob: true, webauthn:extension:largeBlob: true, webauthn:extension:minPinLength: true, webauthn:extension:prf: true, webauthn:virtualAuthenticators: true}
Element: [[ChromeDriver: chrome on windows (a1668e8184ff8641359c849de650aa09)] -> css selector: div.flex-grid a]
Session ID: a1668e8184ff8641359c849de650aa09
at java.base/jdk.internal.reflect.NativeConstructorAccessorImpl.newInstance0(Native Method)
at java.base/jdk.internal.reflect.NativeConstructorAccessorImpl.newInstance(NativeConstructorAccessorImpl.java:77)
at java.base/jdk.internal.reflect.DelegatingConstructorAccessorImpl.newInstance(DelegatingConstructorAccessorImpl.java:45)
at java.base/java.lang.reflect.Constructor.newInstanceWithCaller(Constructor.java:499)
at java.base/java.lang.reflect.Constructor.newInstance(Constructor.java:480)
at org.openqa.selenium.remote.ErrorCodec.decode(ErrorCodec.java:167)
at org.openqa.selenium.remote.codec.w3c.W3CHttpResponseCodec.decode(W3CHttpResponseCodec.java:138)
at org.openqa.selenium.remote.codec.w3c.W3CHttpResponseCodec.decode(W3CHttpResponseCodec.java:50)
at org.openqa.selenium.remote.HttpCommandExecutor.execute(HttpCommandExecutor.java:190)
at org.openqa.selenium.remote.service.DriverCommandExecutor.invokeExecute(DriverCommandExecutor.java:216)
at org.openqa.selenium.remote.service.DriverCommandExecutor.execute(DriverCommandExecutor.java:174)
at org.openqa.selenium.remote.RemoteWebDriver.execute(RemoteWebDriver.java:518)
at org.openqa.selenium.remote.RemoteWebElement.execute(RemoteWebElement.java:223)
at org.openqa.selenium.remote.RemoteWebElement.click(RemoteWebElement.java:76)
at best_buy_website.SmartPhoneModelPage.getSelectPhone(SmartPhoneModelPage.java:23)
at test_execution_package.TestExecution.validateAddingItemfromMenuViaBrand(TestExecution.java:168)
at java.base/jdk.internal.reflect.NativeMethodAccessorImpl.invoke0(Native Method)
at java.base/jdk.internal.reflect.NativeMethodAccessorImpl.invoke(NativeMethodAccessorImpl.java:77)
at java.base/jdk.internal.reflect.DelegatingMethodAccessorImpl.invoke(DelegatingMethodAccessorImpl.java:43)
at java.base/java.lang.reflect.Method.invoke(Method.java:568)
at org.testng.internal.invokers.MethodInvocationHelper.invokeMethod(MethodInvocationHelper.java:139)
at org.testng.internal.invokers.TestInvoker.invokeMethod(TestInvoker.java:677)
at org.testng.internal.invokers.TestInvoker.invokeTestMethod(TestInvoker.java:221)
at org.testng.internal.invokers.MethodRunner.runInSequence(MethodRunner.java:50)
at org.testng.internal.invokers.TestInvoker$MethodInvocationAgent.invoke(TestInvoker.java:969)
at org.testng.internal.invokers.TestInvoker.invokeTestMethods(TestInvoker.java:194)
at org.testng.internal.invokers.TestMethodWorker.invokeTestMethods(TestMethodWorker.java:148)
at org.testng.internal.invokers.TestMethodWorker.run(TestMethodWorker.java:128)
at java.base/java.util.ArrayList.forEach(ArrayList.java:1511)
at org.testng.TestRunner.privateRun(TestRunner.java:829)
at org.testng.TestRunner.run(TestRunner.java:602)
at org.testng.SuiteRunner.runTest(SuiteRunner.java:437)
at org.testng.SuiteRunner.runSequentially(SuiteRunner.java:431)
at org.testng.SuiteRunner.privateRun(SuiteRunner.java:391)
at org.testng.SuiteRunner.run(SuiteRunner.java:330)
at org.testng.SuiteRunnerWorker.runSuite(SuiteRunnerWorker.java:52)
at org.testng.SuiteRunnerWorker.run(SuiteRunnerWorker.java:95)
at org.testng.TestNG.runSuitesSequentially(TestNG.java:1256)
at org.testng.TestNG.runSuitesLocally(TestNG.java:1176)
at org.testng.TestNG.runSuites(TestNG.java:1099)
at org.testng.TestNG.run(TestNG.java:1067)
at org.apache.maven.surefire.testng.TestNGExecutor.run(TestNGExecutor.java:308)
at org.apache.maven.surefire.testng.TestNGXmlTestSuite.execute(TestNGXmlTestSuite.java:71)
at org.apache.maven.surefire.testng.TestNGProvider.invoke(TestNGProvider.java:113)
at org.apache.maven.surefire.booter.ForkedBooter.runSuitesInProcess(ForkedBooter.java:385)
at org.apache.maven.surefire.booter.ForkedBooter.execute(ForkedBooter.java:162)
at org.apache.maven.surefire.booter.ForkedBooter.run(ForkedBooter.java:507)
at org.apache.maven.surefire.booter.ForkedBooter.main(ForkedBooter.java:495)
]]>
    </error>
  </testcase> <!-- validateAddingItemfromMenuViaBrand -->
  <system-out/>
  <testcase classname="test_execution_package.TestExecution" name="ValidateCreateNewAccountFunction" time="26.097"/>
  <system-out/>
</testsuite> <!-- test_execution_package.TestExecution -->
